<?xml version="1.0" encoding="UTF-8"?>
<!-- Generated by org.testng.reporters.JUnitXMLReporter -->
<testsuite hostname="DESKTOP-AUGHFJE" ignored="2" name="Test" tests="3" failures="0" timestamp="27 Aug 2022 15:28:52 GMT" time="104.146" errors="0">
  <testcase name="verify_login_with_invalid_credentials_TC01" time="14.733" classname="com.vtiger.test.LoginTest"/>
  <testcase name="verify_login_with_valid_credentials_TC02" time="39.07" classname="com.vtiger.test.LoginTest"/>
  <testcase name="verify_leadcreation_with_mandatory_fields_TC03" time="50.024" classname="com.vtiger.test.LeadTest"/>
  <testcase name="@BeforeSuite setup" time="0.0" classname="com.vtiger.test.BaseTest">
    <ignored/>
  </testcase> <!-- @BeforeSuite setup -->
  <testcase name="@AfterSuite closeApp" time="0.0" classname="com.vtiger.test.BaseTest">
    <ignored/>
  </testcase> <!-- @AfterSuite closeApp -->
</testsuite> <!-- Test -->
