<?xml version="1.0" encoding="UTF-8"?>
<testng-results skipped="0" failed="0" ignored="0" total="2" passed="2">
  <reporter-output>
  </reporter-output>
  <suite name="Default suite" duration-ms="4354" started-at="2022-08-28T05:31:58Z" finished-at="2022-08-28T05:32:03Z">
    <groups>
    </groups>
    <test name="Default test" duration-ms="4354" started-at="2022-08-28T05:31:58Z" finished-at="2022-08-28T05:32:03Z">
      <class name="com.vtiger.test.LoginTest">
        <test-method status="PASS" signature="setup()[pri:0, instance:com.vtiger.test.LoginTest@2a32de6c]" name="setup" is-config="true" duration-ms="8259" started-at="2022-08-28T05:31:50Z" finished-at="2022-08-28T05:31:58Z">
          <reporter-output>
          </reporter-output>
        </test-method> <!-- setup -->
        <test-method status="PASS" signature="verify_login_with_invalid_credentials_TC01()[pri:0, instance:com.vtiger.test.LoginTest@2a32de6c]" name="verify_login_with_invalid_credentials_TC01" duration-ms="2029" started-at="2022-08-28T05:31:58Z" finished-at="2022-08-28T05:32:00Z">
          <reporter-output>
          </reporter-output>
        </test-method> <!-- verify_login_with_invalid_credentials_TC01 -->
        <test-method status="PASS" signature="verify_login_with_valid_credentials_TC02()[pri:0, instance:com.vtiger.test.LoginTest@2a32de6c]" name="verify_login_with_valid_credentials_TC02" duration-ms="2286" started-at="2022-08-28T05:32:00Z" finished-at="2022-08-28T05:32:03Z">
          <reporter-output>
          </reporter-output>
        </test-method> <!-- verify_login_with_valid_credentials_TC02 -->
        <test-method status="PASS" signature="closeApp()[pri:0, instance:com.vtiger.test.LoginTest@2a32de6c]" name="closeApp" is-config="true" duration-ms="865" started-at="2022-08-28T05:32:03Z" finished-at="2022-08-28T05:32:04Z">
          <reporter-output>
          </reporter-output>
        </test-method> <!-- closeApp -->
      </class> <!-- com.vtiger.test.LoginTest -->
    </test> <!-- Default test -->
  </suite> <!-- Default suite -->
</testng-results>
